{"/home/admin10/Desktop/FundooNotes/src/Component/Authentication/SignIn.js": {"path":"/home/admin10/Desktop/FundooNotes/src/Component/Authentication/SignIn.js","statementMap":{"0":{"start":{"line":10,"column":8},"end":{"line":10,"column":21}},"1":{"start":{"line":12,"column":8},"end":{"line":18,"column":10}},"2":{"start":{"line":21,"column":19},"end":{"line":48,"column":5}},"3":{"start":{"line":22,"column":21},"end":{"line":22,"column":23}},"4":{"start":{"line":23,"column":26},"end":{"line":23,"column":30}},"5":{"start":{"line":25,"column":8},"end":{"line":31,"column":9}},"6":{"start":{"line":26,"column":26},"end":{"line":26,"column":327}},"7":{"start":{"line":27,"column":12},"end":{"line":30,"column":13}},"8":{"start":{"line":28,"column":16},"end":{"line":28,"column":36}},"9":{"start":{"line":29,"column":16},"end":{"line":29,"column":59}},"10":{"start":{"line":33,"column":8},"end":{"line":36,"column":9}},"11":{"start":{"line":34,"column":12},"end":{"line":34,"column":48}},"12":{"start":{"line":35,"column":12},"end":{"line":35,"column":32}},"13":{"start":{"line":38,"column":8},"end":{"line":41,"column":9}},"14":{"start":{"line":39,"column":12},"end":{"line":39,"column":51}},"15":{"start":{"line":40,"column":12},"end":{"line":40,"column":32}},"16":{"start":{"line":43,"column":8},"end":{"line":45,"column":10}},"17":{"start":{"line":46,"column":8},"end":{"line":46,"column":60}},"18":{"start":{"line":46,"column":23},"end":{"line":46,"column":53}},"19":{"start":{"line":47,"column":8},"end":{"line":47,"column":26}},"20":{"start":{"line":50,"column":23},"end":{"line":63,"column":5}},"21":{"start":{"line":51,"column":8},"end":{"line":51,"column":37}},"22":{"start":{"line":53,"column":8},"end":{"line":62,"column":9}},"23":{"start":{"line":54,"column":12},"end":{"line":61,"column":14}},"24":{"start":{"line":55,"column":16},"end":{"line":55,"column":68}},"25":{"start":{"line":55,"column":31},"end":{"line":55,"column":61}},"26":{"start":{"line":56,"column":16},"end":{"line":56,"column":55}},"27":{"start":{"line":58,"column":16},"end":{"line":60,"column":18}},"28":{"start":{"line":66,"column":8},"end":{"line":167,"column":10}},"29":{"start":{"line":99,"column":53},"end":{"line":99,"column":77}},"30":{"start":{"line":110,"column":56},"end":{"line":110,"column":83}},"31":{"start":{"line":124,"column":43},"end":{"line":124,"column":98}},"32":{"start":{"line":135,"column":43},"end":{"line":135,"column":91}},"33":{"start":{"line":152,"column":39},"end":{"line":152,"column":84}}},"fnMap":{"0":{"name":"(anonymous_0)","decl":{"start":{"line":9,"column":4},"end":{"line":9,"column":5}},"loc":{"start":{"line":9,"column":23},"end":{"line":19,"column":5}},"line":9},"1":{"name":"(anonymous_1)","decl":{"start":{"line":21,"column":19},"end":{"line":21,"column":20}},"loc":{"start":{"line":21,"column":25},"end":{"line":48,"column":5}},"line":21},"2":{"name":"(anonymous_2)","decl":{"start":{"line":46,"column":19},"end":{"line":46,"column":20}},"loc":{"start":{"line":46,"column":23},"end":{"line":46,"column":53}},"line":46},"3":{"name":"(anonymous_3)","decl":{"start":{"line":50,"column":23},"end":{"line":50,"column":24}},"loc":{"start":{"line":50,"column":29},"end":{"line":63,"column":5}},"line":50},"4":{"name":"(anonymous_4)","decl":{"start":{"line":54,"column":61},"end":{"line":54,"column":62}},"loc":{"start":{"line":54,"column":67},"end":{"line":57,"column":13}},"line":54},"5":{"name":"(anonymous_5)","decl":{"start":{"line":55,"column":27},"end":{"line":55,"column":28}},"loc":{"start":{"line":55,"column":31},"end":{"line":55,"column":61}},"line":55},"6":{"name":"(anonymous_6)","decl":{"start":{"line":57,"column":15},"end":{"line":57,"column":16}},"loc":{"start":{"line":57,"column":27},"end":{"line":61,"column":13}},"line":57},"7":{"name":"(anonymous_7)","decl":{"start":{"line":65,"column":4},"end":{"line":65,"column":5}},"loc":{"start":{"line":65,"column":13},"end":{"line":168,"column":5}},"line":65},"8":{"name":"(anonymous_8)","decl":{"start":{"line":99,"column":42},"end":{"line":99,"column":43}},"loc":{"start":{"line":99,"column":53},"end":{"line":99,"column":77}},"line":99},"9":{"name":"(anonymous_9)","decl":{"start":{"line":110,"column":42},"end":{"line":110,"column":43}},"loc":{"start":{"line":110,"column":56},"end":{"line":110,"column":83}},"line":110},"10":{"name":"(anonymous_10)","decl":{"start":{"line":124,"column":37},"end":{"line":124,"column":38}},"loc":{"start":{"line":124,"column":43},"end":{"line":124,"column":98}},"line":124},"11":{"name":"(anonymous_11)","decl":{"start":{"line":135,"column":37},"end":{"line":135,"column":38}},"loc":{"start":{"line":135,"column":43},"end":{"line":135,"column":91}},"line":135},"12":{"name":"(anonymous_12)","decl":{"start":{"line":152,"column":33},"end":{"line":152,"column":34}},"loc":{"start":{"line":152,"column":39},"end":{"line":152,"column":84}},"line":152}},"branchMap":{"0":{"loc":{"start":{"line":25,"column":8},"end":{"line":31,"column":9}},"type":"if","locations":[{"start":{"line":25,"column":8},"end":{"line":31,"column":9}},{"start":{"line":25,"column":8},"end":{"line":31,"column":9}}],"line":25},"1":{"loc":{"start":{"line":27,"column":12},"end":{"line":30,"column":13}},"type":"if","locations":[{"start":{"line":27,"column":12},"end":{"line":30,"column":13}},{"start":{"line":27,"column":12},"end":{"line":30,"column":13}}],"line":27},"2":{"loc":{"start":{"line":33,"column":8},"end":{"line":36,"column":9}},"type":"if","locations":[{"start":{"line":33,"column":8},"end":{"line":36,"column":9}},{"start":{"line":33,"column":8},"end":{"line":36,"column":9}}],"line":33},"3":{"loc":{"start":{"line":38,"column":8},"end":{"line":41,"column":9}},"type":"if","locations":[{"start":{"line":38,"column":8},"end":{"line":41,"column":9}},{"start":{"line":38,"column":8},"end":{"line":41,"column":9}}],"line":38},"4":{"loc":{"start":{"line":53,"column":8},"end":{"line":62,"column":9}},"type":"if","locations":[{"start":{"line":53,"column":8},"end":{"line":62,"column":9}},{"start":{"line":53,"column":8},"end":{"line":62,"column":9}}],"line":53}},"s":{"0":3,"1":3,"2":3,"3":6,"4":6,"5":6,"6":6,"7":6,"8":2,"9":2,"10":6,"11":0,"12":0,"13":6,"14":1,"15":1,"16":6,"17":6,"18":0,"19":6,"20":3,"21":1,"22":1,"23":0,"24":0,"25":0,"26":0,"27":0,"28":17,"29":3,"30":3,"31":0,"32":0,"33":0},"f":{"0":3,"1":6,"2":0,"3":1,"4":0,"5":0,"6":0,"7":17,"8":3,"9":3,"10":0,"11":0,"12":0},"b":{"0":[6,0],"1":[2,4],"2":[0,6],"3":[1,5],"4":[0,1]},"_coverageSchema":"43e27e138ebf9cfc5966b082cf9a028302ed4184","hash":"d1c4f3df33ebcaed414f95c0ef3ccbec1f8f47db"}
,"/home/admin10/Desktop/FundooNotes/src/Component/Authentication/SignUpPage1.js": {"path":"/home/admin10/Desktop/FundooNotes/src/Component/Authentication/SignUpPage1.js","statementMap":{"0":{"start":{"line":9,"column":8},"end":{"line":9,"column":21}},"1":{"start":{"line":10,"column":8},"end":{"line":14,"column":10}},"2":{"start":{"line":17,"column":19},"end":{"line":36,"column":5}},"3":{"start":{"line":18,"column":21},"end":{"line":18,"column":23}},"4":{"start":{"line":19,"column":26},"end":{"line":19,"column":30}},"5":{"start":{"line":21,"column":8},"end":{"line":24,"column":9}},"6":{"start":{"line":22,"column":12},"end":{"line":22,"column":54}},"7":{"start":{"line":23,"column":12},"end":{"line":23,"column":32}},"8":{"start":{"line":26,"column":8},"end":{"line":29,"column":9}},"9":{"start":{"line":27,"column":12},"end":{"line":27,"column":52}},"10":{"start":{"line":28,"column":12},"end":{"line":28,"column":32}},"11":{"start":{"line":31,"column":8},"end":{"line":33,"column":10}},"12":{"start":{"line":35,"column":8},"end":{"line":35,"column":26}},"13":{"start":{"line":38,"column":22},"end":{"line":45,"column":5}},"14":{"start":{"line":39,"column":8},"end":{"line":44,"column":9}},"15":{"start":{"line":40,"column":12},"end":{"line":43,"column":14}},"16":{"start":{"line":49,"column":8},"end":{"line":105,"column":10}},"17":{"start":{"line":77,"column":55},"end":{"line":77,"column":81}},"18":{"start":{"line":88,"column":54},"end":{"line":88,"column":79}}},"fnMap":{"0":{"name":"(anonymous_0)","decl":{"start":{"line":8,"column":4},"end":{"line":8,"column":5}},"loc":{"start":{"line":8,"column":23},"end":{"line":15,"column":5}},"line":8},"1":{"name":"(anonymous_1)","decl":{"start":{"line":17,"column":19},"end":{"line":17,"column":20}},"loc":{"start":{"line":17,"column":25},"end":{"line":36,"column":5}},"line":17},"2":{"name":"(anonymous_2)","decl":{"start":{"line":38,"column":22},"end":{"line":38,"column":23}},"loc":{"start":{"line":38,"column":28},"end":{"line":45,"column":5}},"line":38},"3":{"name":"(anonymous_3)","decl":{"start":{"line":47,"column":4},"end":{"line":47,"column":5}},"loc":{"start":{"line":47,"column":13},"end":{"line":106,"column":5}},"line":47},"4":{"name":"(anonymous_4)","decl":{"start":{"line":77,"column":42},"end":{"line":77,"column":43}},"loc":{"start":{"line":77,"column":55},"end":{"line":77,"column":81}},"line":77},"5":{"name":"(anonymous_5)","decl":{"start":{"line":88,"column":42},"end":{"line":88,"column":43}},"loc":{"start":{"line":88,"column":54},"end":{"line":88,"column":79}},"line":88}},"branchMap":{"0":{"loc":{"start":{"line":21,"column":8},"end":{"line":24,"column":9}},"type":"if","locations":[{"start":{"line":21,"column":8},"end":{"line":24,"column":9}},{"start":{"line":21,"column":8},"end":{"line":24,"column":9}}],"line":21},"1":{"loc":{"start":{"line":26,"column":8},"end":{"line":29,"column":9}},"type":"if","locations":[{"start":{"line":26,"column":8},"end":{"line":29,"column":9}},{"start":{"line":26,"column":8},"end":{"line":29,"column":9}}],"line":26},"2":{"loc":{"start":{"line":39,"column":8},"end":{"line":44,"column":9}},"type":"if","locations":[{"start":{"line":39,"column":8},"end":{"line":44,"column":9}},{"start":{"line":39,"column":8},"end":{"line":44,"column":9}}],"line":39}},"s":{"0":3,"1":3,"2":3,"3":3,"4":3,"5":3,"6":2,"7":2,"8":3,"9":1,"10":1,"11":3,"12":3,"13":3,"14":0,"15":0,"16":10,"17":2,"18":2},"f":{"0":3,"1":3,"2":0,"3":10,"4":2,"5":2},"b":{"0":[2,1],"1":[1,2],"2":[0,0]},"_coverageSchema":"43e27e138ebf9cfc5966b082cf9a028302ed4184","hash":"6d837dab6d8f7aa26358f73d286a36b13bbffe68"}
,"/home/admin10/Desktop/FundooNotes/src/Component/Authentication/SignUpPage2.js": {"path":"/home/admin10/Desktop/FundooNotes/src/Component/Authentication/SignUpPage2.js","statementMap":{"0":{"start":{"line":10,"column":8},"end":{"line":10,"column":21}},"1":{"start":{"line":12,"column":8},"end":{"line":15,"column":9}},"2":{"start":{"line":19,"column":19},"end":{"line":40,"column":5}},"3":{"start":{"line":20,"column":21},"end":{"line":20,"column":23}},"4":{"start":{"line":21,"column":26},"end":{"line":21,"column":30}},"5":{"start":{"line":22,"column":8},"end":{"line":28,"column":9}},"6":{"start":{"line":23,"column":26},"end":{"line":23,"column":327}},"7":{"start":{"line":24,"column":12},"end":{"line":27,"column":13}},"8":{"start":{"line":25,"column":16},"end":{"line":25,"column":36}},"9":{"start":{"line":26,"column":16},"end":{"line":26,"column":59}},"10":{"start":{"line":30,"column":8},"end":{"line":33,"column":9}},"11":{"start":{"line":31,"column":12},"end":{"line":31,"column":48}},"12":{"start":{"line":32,"column":12},"end":{"line":32,"column":32}},"13":{"start":{"line":35,"column":8},"end":{"line":37,"column":10}},"14":{"start":{"line":39,"column":8},"end":{"line":39,"column":26}},"15":{"start":{"line":42,"column":22},"end":{"line":63,"column":5}},"16":{"start":{"line":43,"column":8},"end":{"line":62,"column":9}},"17":{"start":{"line":44,"column":35},"end":{"line":44,"column":45}},"18":{"start":{"line":45,"column":28},"end":{"line":45,"column":60}},"19":{"start":{"line":46,"column":27},"end":{"line":46,"column":58}},"20":{"start":{"line":48,"column":12},"end":{"line":61,"column":13}},"21":{"start":{"line":50,"column":20},"end":{"line":54,"column":22}},"22":{"start":{"line":57,"column":20},"end":{"line":59,"column":22}},"23":{"start":{"line":69,"column":8},"end":{"line":113,"column":10}},"24":{"start":{"line":96,"column":53},"end":{"line":96,"column":77}}},"fnMap":{"0":{"name":"(anonymous_0)","decl":{"start":{"line":9,"column":4},"end":{"line":9,"column":5}},"loc":{"start":{"line":9,"column":23},"end":{"line":17,"column":5}},"line":9},"1":{"name":"(anonymous_1)","decl":{"start":{"line":19,"column":19},"end":{"line":19,"column":20}},"loc":{"start":{"line":19,"column":25},"end":{"line":40,"column":5}},"line":19},"2":{"name":"(anonymous_2)","decl":{"start":{"line":42,"column":22},"end":{"line":42,"column":23}},"loc":{"start":{"line":42,"column":28},"end":{"line":63,"column":5}},"line":42},"3":{"name":"(anonymous_3)","decl":{"start":{"line":49,"column":16},"end":{"line":49,"column":17}},"loc":{"start":{"line":49,"column":22},"end":{"line":55,"column":17}},"line":49},"4":{"name":"(anonymous_4)","decl":{"start":{"line":56,"column":16},"end":{"line":56,"column":17}},"loc":{"start":{"line":56,"column":28},"end":{"line":60,"column":17}},"line":56},"5":{"name":"(anonymous_5)","decl":{"start":{"line":65,"column":4},"end":{"line":65,"column":5}},"loc":{"start":{"line":65,"column":13},"end":{"line":114,"column":5}},"line":65},"6":{"name":"(anonymous_6)","decl":{"start":{"line":96,"column":42},"end":{"line":96,"column":43}},"loc":{"start":{"line":96,"column":53},"end":{"line":96,"column":77}},"line":96}},"branchMap":{"0":{"loc":{"start":{"line":22,"column":8},"end":{"line":28,"column":9}},"type":"if","locations":[{"start":{"line":22,"column":8},"end":{"line":28,"column":9}},{"start":{"line":22,"column":8},"end":{"line":28,"column":9}}],"line":22},"1":{"loc":{"start":{"line":24,"column":12},"end":{"line":27,"column":13}},"type":"if","locations":[{"start":{"line":24,"column":12},"end":{"line":27,"column":13}},{"start":{"line":24,"column":12},"end":{"line":27,"column":13}}],"line":24},"2":{"loc":{"start":{"line":30,"column":8},"end":{"line":33,"column":9}},"type":"if","locations":[{"start":{"line":30,"column":8},"end":{"line":33,"column":9}},{"start":{"line":30,"column":8},"end":{"line":33,"column":9}}],"line":30},"3":{"loc":{"start":{"line":43,"column":8},"end":{"line":62,"column":9}},"type":"if","locations":[{"start":{"line":43,"column":8},"end":{"line":62,"column":9}},{"start":{"line":43,"column":8},"end":{"line":62,"column":9}}],"line":43}},"s":{"0":3,"1":3,"2":3,"3":3,"4":3,"5":3,"6":3,"7":3,"8":1,"9":1,"10":3,"11":0,"12":0,"13":3,"14":3,"15":3,"16":0,"17":0,"18":0,"19":0,"20":0,"21":0,"22":0,"23":9,"24":3},"f":{"0":3,"1":3,"2":0,"3":0,"4":0,"5":9,"6":3},"b":{"0":[3,0],"1":[1,2],"2":[0,3],"3":[0,0]},"_coverageSchema":"43e27e138ebf9cfc5966b082cf9a028302ed4184","hash":"c972134050d04da6faf6d75f2c352163ac8c2e73"}
,"/home/admin10/Desktop/FundooNotes/src/Component/Authentication/SignUpPage3.js": {"path":"/home/admin10/Desktop/FundooNotes/src/Component/Authentication/SignUpPage3.js","statementMap":{"0":{"start":{"line":10,"column":8},"end":{"line":10,"column":21}},"1":{"start":{"line":12,"column":8},"end":{"line":17,"column":10}},"2":{"start":{"line":20,"column":19},"end":{"line":54,"column":5}},"3":{"start":{"line":21,"column":21},"end":{"line":21,"column":23}},"4":{"start":{"line":22,"column":26},"end":{"line":22,"column":30}},"5":{"start":{"line":24,"column":8},"end":{"line":29,"column":9}},"6":{"start":{"line":25,"column":12},"end":{"line":28,"column":13}},"7":{"start":{"line":26,"column":16},"end":{"line":26,"column":36}},"8":{"start":{"line":27,"column":16},"end":{"line":27,"column":74}},"9":{"start":{"line":31,"column":8},"end":{"line":34,"column":9}},"10":{"start":{"line":32,"column":12},"end":{"line":32,"column":51}},"11":{"start":{"line":33,"column":12},"end":{"line":33,"column":32}},"12":{"start":{"line":36,"column":8},"end":{"line":41,"column":9}},"13":{"start":{"line":37,"column":12},"end":{"line":40,"column":13}},"14":{"start":{"line":38,"column":16},"end":{"line":38,"column":36}},"15":{"start":{"line":39,"column":16},"end":{"line":39,"column":64}},"16":{"start":{"line":43,"column":8},"end":{"line":46,"column":9}},"17":{"start":{"line":44,"column":12},"end":{"line":44,"column":50}},"18":{"start":{"line":45,"column":12},"end":{"line":45,"column":32}},"19":{"start":{"line":49,"column":8},"end":{"line":51,"column":10}},"20":{"start":{"line":53,"column":8},"end":{"line":53,"column":26}},"21":{"start":{"line":56,"column":23},"end":{"line":68,"column":5}},"22":{"start":{"line":57,"column":8},"end":{"line":67,"column":9}},"23":{"start":{"line":58,"column":35},"end":{"line":58,"column":45}},"24":{"start":{"line":59,"column":12},"end":{"line":66,"column":13}},"25":{"start":{"line":64,"column":20},"end":{"line":64,"column":60}},"26":{"start":{"line":72,"column":8},"end":{"line":152,"column":10}},"27":{"start":{"line":109,"column":56},"end":{"line":109,"column":83}},"28":{"start":{"line":121,"column":55},"end":{"line":121,"column":81}},"29":{"start":{"line":132,"column":43},"end":{"line":132,"column":98}}},"fnMap":{"0":{"name":"(anonymous_0)","decl":{"start":{"line":9,"column":4},"end":{"line":9,"column":5}},"loc":{"start":{"line":9,"column":23},"end":{"line":18,"column":5}},"line":9},"1":{"name":"(anonymous_1)","decl":{"start":{"line":20,"column":19},"end":{"line":20,"column":20}},"loc":{"start":{"line":20,"column":25},"end":{"line":54,"column":5}},"line":20},"2":{"name":"(anonymous_2)","decl":{"start":{"line":56,"column":23},"end":{"line":56,"column":24}},"loc":{"start":{"line":56,"column":29},"end":{"line":68,"column":5}},"line":56},"3":{"name":"(anonymous_3)","decl":{"start":{"line":63,"column":16},"end":{"line":63,"column":17}},"loc":{"start":{"line":63,"column":22},"end":{"line":65,"column":17}},"line":63},"4":{"name":"(anonymous_4)","decl":{"start":{"line":70,"column":4},"end":{"line":70,"column":5}},"loc":{"start":{"line":70,"column":13},"end":{"line":153,"column":5}},"line":70},"5":{"name":"(anonymous_5)","decl":{"start":{"line":109,"column":42},"end":{"line":109,"column":43}},"loc":{"start":{"line":109,"column":56},"end":{"line":109,"column":83}},"line":109},"6":{"name":"(anonymous_6)","decl":{"start":{"line":121,"column":42},"end":{"line":121,"column":43}},"loc":{"start":{"line":121,"column":55},"end":{"line":121,"column":81}},"line":121},"7":{"name":"(anonymous_7)","decl":{"start":{"line":132,"column":37},"end":{"line":132,"column":38}},"loc":{"start":{"line":132,"column":43},"end":{"line":132,"column":98}},"line":132}},"branchMap":{"0":{"loc":{"start":{"line":24,"column":8},"end":{"line":29,"column":9}},"type":"if","locations":[{"start":{"line":24,"column":8},"end":{"line":29,"column":9}},{"start":{"line":24,"column":8},"end":{"line":29,"column":9}}],"line":24},"1":{"loc":{"start":{"line":25,"column":12},"end":{"line":28,"column":13}},"type":"if","locations":[{"start":{"line":25,"column":12},"end":{"line":28,"column":13}},{"start":{"line":25,"column":12},"end":{"line":28,"column":13}}],"line":25},"2":{"loc":{"start":{"line":31,"column":8},"end":{"line":34,"column":9}},"type":"if","locations":[{"start":{"line":31,"column":8},"end":{"line":34,"column":9}},{"start":{"line":31,"column":8},"end":{"line":34,"column":9}}],"line":31},"3":{"loc":{"start":{"line":36,"column":8},"end":{"line":41,"column":9}},"type":"if","locations":[{"start":{"line":36,"column":8},"end":{"line":41,"column":9}},{"start":{"line":36,"column":8},"end":{"line":41,"column":9}}],"line":36},"4":{"loc":{"start":{"line":37,"column":12},"end":{"line":40,"column":13}},"type":"if","locations":[{"start":{"line":37,"column":12},"end":{"line":40,"column":13}},{"start":{"line":37,"column":12},"end":{"line":40,"column":13}}],"line":37},"5":{"loc":{"start":{"line":43,"column":8},"end":{"line":46,"column":9}},"type":"if","locations":[{"start":{"line":43,"column":8},"end":{"line":46,"column":9}},{"start":{"line":43,"column":8},"end":{"line":46,"column":9}}],"line":43},"6":{"loc":{"start":{"line":57,"column":8},"end":{"line":67,"column":9}},"type":"if","locations":[{"start":{"line":57,"column":8},"end":{"line":67,"column":9}},{"start":{"line":57,"column":8},"end":{"line":67,"column":9}}],"line":57}},"s":{"0":4,"1":4,"2":4,"3":7,"4":7,"5":7,"6":7,"7":3,"8":3,"9":7,"10":0,"11":0,"12":7,"13":7,"14":4,"15":4,"16":7,"17":0,"18":0,"19":7,"20":7,"21":4,"22":0,"23":0,"24":0,"25":0,"26":19,"27":5,"28":3,"29":0},"f":{"0":4,"1":7,"2":0,"3":0,"4":19,"5":5,"6":3,"7":0},"b":{"0":[7,0],"1":[3,4],"2":[0,7],"3":[7,0],"4":[4,3],"5":[0,7],"6":[0,0]},"_coverageSchema":"43e27e138ebf9cfc5966b082cf9a028302ed4184","hash":"48983880f06366895871de52d277bd58e8358568"}
,"/home/admin10/Desktop/FundooNotes/src/Css/Authentication.style.js": {"path":"/home/admin10/Desktop/FundooNotes/src/Css/Authentication.style.js","statementMap":{"0":{"start":{"line":3,"column":22},"end":{"line":72,"column":2}}},"fnMap":{},"branchMap":{},"s":{"0":2},"f":{},"b":{},"_coverageSchema":"43e27e138ebf9cfc5966b082cf9a028302ed4184","hash":"e7a6a1b304007980c440d9b7c9f6a2e7955d31d4"}
,"/home/admin10/Desktop/FundooNotes/src/Firebase/AuthServices.js": {"path":"/home/admin10/Desktop/FundooNotes/src/Firebase/AuthServices.js","statementMap":{"0":{"start":{"line":5,"column":4},"end":{"line":16,"column":32}},"1":{"start":{"line":7,"column":12},"end":{"line":15,"column":13}},"2":{"start":{"line":9,"column":16},"end":{"line":9,"column":29}},"3":{"start":{"line":12,"column":29},"end":{"line":12,"column":31}},"4":{"start":{"line":13,"column":16},"end":{"line":13,"column":72}},"5":{"start":{"line":14,"column":16},"end":{"line":14,"column":36}},"6":{"start":{"line":20,"column":4},"end":{"line":28,"column":32}},"7":{"start":{"line":22,"column":12},"end":{"line":26,"column":14}},"8":{"start":{"line":27,"column":12},"end":{"line":27,"column":26}},"9":{"start":{"line":32,"column":4},"end":{"line":32,"column":22}},"10":{"start":{"line":33,"column":4},"end":{"line":33,"column":25}},"11":{"start":{"line":34,"column":4},"end":{"line":46,"column":10}},"12":{"start":{"line":35,"column":8},"end":{"line":35,"column":52}},"13":{"start":{"line":36,"column":8},"end":{"line":36,"column":59}},"14":{"start":{"line":37,"column":8},"end":{"line":37,"column":22}},"15":{"start":{"line":40,"column":25},"end":{"line":40,"column":27}},"16":{"start":{"line":41,"column":12},"end":{"line":44,"column":102}},"17":{"start":{"line":42,"column":16},"end":{"line":42,"column":70}},"18":{"start":{"line":44,"column":16},"end":{"line":44,"column":102}},"19":{"start":{"line":45,"column":12},"end":{"line":45,"column":33}},"20":{"start":{"line":51,"column":4},"end":{"line":59,"column":10}},"21":{"start":{"line":53,"column":12},"end":{"line":53,"column":26}},"22":{"start":{"line":56,"column":25},"end":{"line":56,"column":27}},"23":{"start":{"line":57,"column":12},"end":{"line":57,"column":66}},"24":{"start":{"line":58,"column":12},"end":{"line":58,"column":33}},"25":{"start":{"line":64,"column":4},"end":{"line":67,"column":12}},"26":{"start":{"line":65,"column":8},"end":{"line":65,"column":18}}},"fnMap":{"0":{"name":"emailExistance","decl":{"start":{"line":4,"column":16},"end":{"line":4,"column":30}},"loc":{"start":{"line":4,"column":64},"end":{"line":17,"column":1}},"line":4},"1":{"name":"(anonymous_1)","decl":{"start":{"line":6,"column":14},"end":{"line":6,"column":15}},"loc":{"start":{"line":6,"column":39},"end":{"line":16,"column":9}},"line":6},"2":{"name":"(anonymous_2)","decl":{"start":{"line":16,"column":17},"end":{"line":16,"column":18}},"loc":{"start":{"line":16,"column":28},"end":{"line":16,"column":31}},"line":16},"3":{"name":"registerUser","decl":{"start":{"line":19,"column":16},"end":{"line":19,"column":28}},"loc":{"start":{"line":19,"column":81},"end":{"line":29,"column":1}},"line":19},"4":{"name":"(anonymous_4)","decl":{"start":{"line":21,"column":14},"end":{"line":21,"column":15}},"loc":{"start":{"line":21,"column":27},"end":{"line":28,"column":9}},"line":21},"5":{"name":"(anonymous_5)","decl":{"start":{"line":28,"column":17},"end":{"line":28,"column":18}},"loc":{"start":{"line":28,"column":28},"end":{"line":28,"column":31}},"line":28},"6":{"name":"loginUser","decl":{"start":{"line":31,"column":16},"end":{"line":31,"column":25}},"loc":{"start":{"line":31,"column":72},"end":{"line":47,"column":1}},"line":31},"7":{"name":"(anonymous_7)","decl":{"start":{"line":34,"column":69},"end":{"line":34,"column":70}},"loc":{"start":{"line":34,"column":87},"end":{"line":38,"column":5}},"line":34},"8":{"name":"(anonymous_8)","decl":{"start":{"line":39,"column":15},"end":{"line":39,"column":16}},"loc":{"start":{"line":39,"column":26},"end":{"line":46,"column":9}},"line":39},"9":{"name":"forgotPassword","decl":{"start":{"line":49,"column":16},"end":{"line":49,"column":30}},"loc":{"start":{"line":49,"column":67},"end":{"line":61,"column":1}},"line":49},"10":{"name":"(anonymous_10)","decl":{"start":{"line":52,"column":14},"end":{"line":52,"column":15}},"loc":{"start":{"line":52,"column":25},"end":{"line":54,"column":9}},"line":52},"11":{"name":"(anonymous_11)","decl":{"start":{"line":55,"column":15},"end":{"line":55,"column":16}},"loc":{"start":{"line":55,"column":21},"end":{"line":59,"column":9}},"line":55},"12":{"name":"signOut","decl":{"start":{"line":63,"column":16},"end":{"line":63,"column":23}},"loc":{"start":{"line":63,"column":33},"end":{"line":68,"column":1}},"line":63},"13":{"name":"(anonymous_13)","decl":{"start":{"line":64,"column":35},"end":{"line":64,"column":36}},"loc":{"start":{"line":64,"column":39},"end":{"line":66,"column":5}},"line":64}},"branchMap":{"0":{"loc":{"start":{"line":7,"column":12},"end":{"line":15,"column":13}},"type":"if","locations":[{"start":{"line":7,"column":12},"end":{"line":15,"column":13}},{"start":{"line":7,"column":12},"end":{"line":15,"column":13}}],"line":7},"1":{"loc":{"start":{"line":41,"column":12},"end":{"line":44,"column":102}},"type":"if","locations":[{"start":{"line":41,"column":12},"end":{"line":44,"column":102}},{"start":{"line":41,"column":12},"end":{"line":44,"column":102}}],"line":41}},"s":{"0":0,"1":0,"2":0,"3":0,"4":0,"5":0,"6":0,"7":0,"8":0,"9":0,"10":0,"11":0,"12":0,"13":0,"14":0,"15":0,"16":0,"17":0,"18":0,"19":0,"20":0,"21":0,"22":0,"23":0,"24":0,"25":0,"26":0},"f":{"0":0,"1":0,"2":0,"3":0,"4":0,"5":0,"6":0,"7":0,"8":0,"9":0,"10":0,"11":0,"12":0,"13":0},"b":{"0":[0,0],"1":[0,0]},"_coverageSchema":"43e27e138ebf9cfc5966b082cf9a028302ed4184","hash":"7daecb48291e018798a8e9dfd6ac27ede12d531d"}
,"/home/admin10/Desktop/FundooNotes/src/Firebase/Firebase.js": {"path":"/home/admin10/Desktop/FundooNotes/src/Firebase/Firebase.js","statementMap":{"0":{"start":{"line":4,"column":23},"end":{"line":12,"column":1}},"1":{"start":{"line":15,"column":0},"end":{"line":15,"column":39}}},"fnMap":{},"branchMap":{},"s":{"0":2,"1":2},"f":{},"b":{},"_coverageSchema":"43e27e138ebf9cfc5966b082cf9a028302ed4184","hash":"a7771da37f856857635b8d5de9d52133ed0dc2f2"}
}
