{"/home/admin10/Desktop/FundooNotes/src/Assets/off.png": {"path":"/home/admin10/Desktop/FundooNotes/src/Assets/off.png","statementMap":{"0":{"start":{"line":1,"column":0},"end":{"line":4,"column":6}}},"fnMap":{},"branchMap":{},"s":{"0":2},"f":{},"b":{},"_coverageSchema":"43e27e138ebf9cfc5966b082cf9a028302ed4184","hash":"690433db020edc2eee41aadfdd350e5001bce4a9"}
,"/home/admin10/Desktop/FundooNotes/src/Assets/visible.png": {"path":"/home/admin10/Desktop/FundooNotes/src/Assets/visible.png","statementMap":{"0":{"start":{"line":1,"column":0},"end":{"line":4,"column":6}}},"fnMap":{},"branchMap":{},"s":{"0":2},"f":{},"b":{},"_coverageSchema":"43e27e138ebf9cfc5966b082cf9a028302ed4184","hash":"6fa0c43536b6a665891f548a865d34451db6c271"}
,"/home/admin10/Desktop/FundooNotes/src/Component/Login/SignIn.js": {"path":"/home/admin10/Desktop/FundooNotes/src/Component/Login/SignIn.js","statementMap":{"0":{"start":{"line":10,"column":8},"end":{"line":10,"column":21}},"1":{"start":{"line":12,"column":8},"end":{"line":18,"column":10}},"2":{"start":{"line":21,"column":19},"end":{"line":48,"column":5}},"3":{"start":{"line":22,"column":21},"end":{"line":22,"column":23}},"4":{"start":{"line":23,"column":26},"end":{"line":23,"column":30}},"5":{"start":{"line":25,"column":8},"end":{"line":31,"column":9}},"6":{"start":{"line":26,"column":26},"end":{"line":26,"column":327}},"7":{"start":{"line":27,"column":12},"end":{"line":30,"column":13}},"8":{"start":{"line":28,"column":16},"end":{"line":28,"column":36}},"9":{"start":{"line":29,"column":16},"end":{"line":29,"column":59}},"10":{"start":{"line":33,"column":8},"end":{"line":36,"column":9}},"11":{"start":{"line":34,"column":12},"end":{"line":34,"column":48}},"12":{"start":{"line":35,"column":12},"end":{"line":35,"column":32}},"13":{"start":{"line":38,"column":8},"end":{"line":41,"column":9}},"14":{"start":{"line":39,"column":12},"end":{"line":39,"column":51}},"15":{"start":{"line":40,"column":12},"end":{"line":40,"column":32}},"16":{"start":{"line":43,"column":8},"end":{"line":45,"column":10}},"17":{"start":{"line":47,"column":8},"end":{"line":47,"column":26}},"18":{"start":{"line":50,"column":23},"end":{"line":62,"column":5}},"19":{"start":{"line":51,"column":8},"end":{"line":61,"column":9}},"20":{"start":{"line":52,"column":12},"end":{"line":60,"column":14}},"21":{"start":{"line":53,"column":16},"end":{"line":53,"column":48}},"22":{"start":{"line":54,"column":16},"end":{"line":54,"column":52}},"23":{"start":{"line":57,"column":16},"end":{"line":59,"column":18}},"24":{"start":{"line":66,"column":8},"end":{"line":183,"column":10}},"25":{"start":{"line":105,"column":53},"end":{"line":105,"column":77}},"26":{"start":{"line":118,"column":60},"end":{"line":118,"column":87}},"27":{"start":{"line":128,"column":47},"end":{"line":128,"column":102}},"28":{"start":{"line":152,"column":41},"end":{"line":152,"column":89}},"29":{"start":{"line":169,"column":39},"end":{"line":169,"column":84}}},"fnMap":{"0":{"name":"(anonymous_0)","decl":{"start":{"line":9,"column":4},"end":{"line":9,"column":5}},"loc":{"start":{"line":9,"column":23},"end":{"line":19,"column":5}},"line":9},"1":{"name":"(anonymous_1)","decl":{"start":{"line":21,"column":19},"end":{"line":21,"column":20}},"loc":{"start":{"line":21,"column":25},"end":{"line":48,"column":5}},"line":21},"2":{"name":"(anonymous_2)","decl":{"start":{"line":50,"column":23},"end":{"line":50,"column":24}},"loc":{"start":{"line":50,"column":29},"end":{"line":62,"column":5}},"line":50},"3":{"name":"(anonymous_3)","decl":{"start":{"line":52,"column":61},"end":{"line":52,"column":62}},"loc":{"start":{"line":52,"column":67},"end":{"line":56,"column":13}},"line":52},"4":{"name":"(anonymous_4)","decl":{"start":{"line":56,"column":15},"end":{"line":56,"column":16}},"loc":{"start":{"line":56,"column":27},"end":{"line":60,"column":13}},"line":56},"5":{"name":"(anonymous_5)","decl":{"start":{"line":64,"column":4},"end":{"line":64,"column":5}},"loc":{"start":{"line":64,"column":13},"end":{"line":184,"column":5}},"line":64},"6":{"name":"(anonymous_6)","decl":{"start":{"line":105,"column":42},"end":{"line":105,"column":43}},"loc":{"start":{"line":105,"column":53},"end":{"line":105,"column":77}},"line":105},"7":{"name":"(anonymous_7)","decl":{"start":{"line":118,"column":46},"end":{"line":118,"column":47}},"loc":{"start":{"line":118,"column":60},"end":{"line":118,"column":87}},"line":118},"8":{"name":"(anonymous_8)","decl":{"start":{"line":128,"column":41},"end":{"line":128,"column":42}},"loc":{"start":{"line":128,"column":47},"end":{"line":128,"column":102}},"line":128},"9":{"name":"(anonymous_9)","decl":{"start":{"line":152,"column":37},"end":{"line":152,"column":38}},"loc":{"start":{"line":152,"column":41},"end":{"line":152,"column":89}},"line":152},"10":{"name":"(anonymous_10)","decl":{"start":{"line":169,"column":33},"end":{"line":169,"column":34}},"loc":{"start":{"line":169,"column":39},"end":{"line":169,"column":84}},"line":169}},"branchMap":{"0":{"loc":{"start":{"line":25,"column":8},"end":{"line":31,"column":9}},"type":"if","locations":[{"start":{"line":25,"column":8},"end":{"line":31,"column":9}},{"start":{"line":25,"column":8},"end":{"line":31,"column":9}}],"line":25},"1":{"loc":{"start":{"line":27,"column":12},"end":{"line":30,"column":13}},"type":"if","locations":[{"start":{"line":27,"column":12},"end":{"line":30,"column":13}},{"start":{"line":27,"column":12},"end":{"line":30,"column":13}}],"line":27},"2":{"loc":{"start":{"line":33,"column":8},"end":{"line":36,"column":9}},"type":"if","locations":[{"start":{"line":33,"column":8},"end":{"line":36,"column":9}},{"start":{"line":33,"column":8},"end":{"line":36,"column":9}}],"line":33},"3":{"loc":{"start":{"line":38,"column":8},"end":{"line":41,"column":9}},"type":"if","locations":[{"start":{"line":38,"column":8},"end":{"line":41,"column":9}},{"start":{"line":38,"column":8},"end":{"line":41,"column":9}}],"line":38},"4":{"loc":{"start":{"line":51,"column":8},"end":{"line":61,"column":9}},"type":"if","locations":[{"start":{"line":51,"column":8},"end":{"line":61,"column":9}},{"start":{"line":51,"column":8},"end":{"line":61,"column":9}}],"line":51},"5":{"loc":{"start":{"line":131,"column":36},"end":{"line":139,"column":42}},"type":"cond-expr","locations":[{"start":{"line":132,"column":40},"end":{"line":135,"column":42}},{"start":{"line":136,"column":40},"end":{"line":139,"column":42}}],"line":131}},"s":{"0":3,"1":3,"2":3,"3":6,"4":6,"5":6,"6":6,"7":6,"8":2,"9":2,"10":6,"11":0,"12":0,"13":6,"14":1,"15":1,"16":6,"17":6,"18":3,"19":1,"20":0,"21":0,"22":0,"23":0,"24":18,"25":3,"26":3,"27":2,"28":0,"29":0},"f":{"0":3,"1":6,"2":1,"3":0,"4":0,"5":18,"6":3,"7":3,"8":2,"9":0,"10":0},"b":{"0":[6,0],"1":[2,4],"2":[0,6],"3":[1,5],"4":[0,1],"5":[17,1]},"_coverageSchema":"43e27e138ebf9cfc5966b082cf9a028302ed4184","hash":"a25c4f1a11a411c7af6dffb168208f355ac10593"}
,"/home/admin10/Desktop/FundooNotes/src/Component/Login/SignUpPage1.js": {"path":"/home/admin10/Desktop/FundooNotes/src/Component/Login/SignUpPage1.js","statementMap":{"0":{"start":{"line":9,"column":8},"end":{"line":9,"column":21}},"1":{"start":{"line":10,"column":8},"end":{"line":14,"column":10}},"2":{"start":{"line":17,"column":19},"end":{"line":36,"column":5}},"3":{"start":{"line":18,"column":21},"end":{"line":18,"column":23}},"4":{"start":{"line":19,"column":26},"end":{"line":19,"column":30}},"5":{"start":{"line":21,"column":8},"end":{"line":24,"column":9}},"6":{"start":{"line":22,"column":12},"end":{"line":22,"column":54}},"7":{"start":{"line":23,"column":12},"end":{"line":23,"column":32}},"8":{"start":{"line":26,"column":8},"end":{"line":29,"column":9}},"9":{"start":{"line":27,"column":12},"end":{"line":27,"column":52}},"10":{"start":{"line":28,"column":12},"end":{"line":28,"column":32}},"11":{"start":{"line":31,"column":8},"end":{"line":33,"column":10}},"12":{"start":{"line":35,"column":8},"end":{"line":35,"column":26}},"13":{"start":{"line":38,"column":22},"end":{"line":45,"column":5}},"14":{"start":{"line":39,"column":8},"end":{"line":44,"column":9}},"15":{"start":{"line":40,"column":12},"end":{"line":43,"column":14}},"16":{"start":{"line":49,"column":8},"end":{"line":105,"column":10}},"17":{"start":{"line":77,"column":55},"end":{"line":77,"column":81}},"18":{"start":{"line":88,"column":54},"end":{"line":88,"column":79}}},"fnMap":{"0":{"name":"(anonymous_0)","decl":{"start":{"line":8,"column":4},"end":{"line":8,"column":5}},"loc":{"start":{"line":8,"column":23},"end":{"line":15,"column":5}},"line":8},"1":{"name":"(anonymous_1)","decl":{"start":{"line":17,"column":19},"end":{"line":17,"column":20}},"loc":{"start":{"line":17,"column":25},"end":{"line":36,"column":5}},"line":17},"2":{"name":"(anonymous_2)","decl":{"start":{"line":38,"column":22},"end":{"line":38,"column":23}},"loc":{"start":{"line":38,"column":28},"end":{"line":45,"column":5}},"line":38},"3":{"name":"(anonymous_3)","decl":{"start":{"line":47,"column":4},"end":{"line":47,"column":5}},"loc":{"start":{"line":47,"column":13},"end":{"line":106,"column":5}},"line":47},"4":{"name":"(anonymous_4)","decl":{"start":{"line":77,"column":42},"end":{"line":77,"column":43}},"loc":{"start":{"line":77,"column":55},"end":{"line":77,"column":81}},"line":77},"5":{"name":"(anonymous_5)","decl":{"start":{"line":88,"column":42},"end":{"line":88,"column":43}},"loc":{"start":{"line":88,"column":54},"end":{"line":88,"column":79}},"line":88}},"branchMap":{"0":{"loc":{"start":{"line":21,"column":8},"end":{"line":24,"column":9}},"type":"if","locations":[{"start":{"line":21,"column":8},"end":{"line":24,"column":9}},{"start":{"line":21,"column":8},"end":{"line":24,"column":9}}],"line":21},"1":{"loc":{"start":{"line":26,"column":8},"end":{"line":29,"column":9}},"type":"if","locations":[{"start":{"line":26,"column":8},"end":{"line":29,"column":9}},{"start":{"line":26,"column":8},"end":{"line":29,"column":9}}],"line":26},"2":{"loc":{"start":{"line":39,"column":8},"end":{"line":44,"column":9}},"type":"if","locations":[{"start":{"line":39,"column":8},"end":{"line":44,"column":9}},{"start":{"line":39,"column":8},"end":{"line":44,"column":9}}],"line":39}},"s":{"0":3,"1":3,"2":3,"3":3,"4":3,"5":3,"6":2,"7":2,"8":3,"9":1,"10":1,"11":3,"12":3,"13":3,"14":0,"15":0,"16":10,"17":2,"18":2},"f":{"0":3,"1":3,"2":0,"3":10,"4":2,"5":2},"b":{"0":[2,1],"1":[1,2],"2":[0,0]},"_coverageSchema":"43e27e138ebf9cfc5966b082cf9a028302ed4184","hash":"792ab55d802f0da585569d8226b59bb80a9ddfdc"}
,"/home/admin10/Desktop/FundooNotes/src/Component/Login/SignUpPage2.js": {"path":"/home/admin10/Desktop/FundooNotes/src/Component/Login/SignUpPage2.js","statementMap":{"0":{"start":{"line":10,"column":8},"end":{"line":10,"column":21}},"1":{"start":{"line":12,"column":8},"end":{"line":15,"column":9}},"2":{"start":{"line":19,"column":19},"end":{"line":40,"column":5}},"3":{"start":{"line":20,"column":21},"end":{"line":20,"column":23}},"4":{"start":{"line":21,"column":26},"end":{"line":21,"column":30}},"5":{"start":{"line":22,"column":8},"end":{"line":28,"column":9}},"6":{"start":{"line":23,"column":26},"end":{"line":23,"column":327}},"7":{"start":{"line":24,"column":12},"end":{"line":27,"column":13}},"8":{"start":{"line":25,"column":16},"end":{"line":25,"column":36}},"9":{"start":{"line":26,"column":16},"end":{"line":26,"column":59}},"10":{"start":{"line":30,"column":8},"end":{"line":33,"column":9}},"11":{"start":{"line":31,"column":12},"end":{"line":31,"column":48}},"12":{"start":{"line":32,"column":12},"end":{"line":32,"column":32}},"13":{"start":{"line":35,"column":8},"end":{"line":37,"column":10}},"14":{"start":{"line":39,"column":8},"end":{"line":39,"column":26}},"15":{"start":{"line":42,"column":22},"end":{"line":63,"column":5}},"16":{"start":{"line":43,"column":8},"end":{"line":62,"column":9}},"17":{"start":{"line":44,"column":35},"end":{"line":44,"column":45}},"18":{"start":{"line":45,"column":28},"end":{"line":45,"column":60}},"19":{"start":{"line":46,"column":27},"end":{"line":46,"column":58}},"20":{"start":{"line":48,"column":12},"end":{"line":61,"column":13}},"21":{"start":{"line":50,"column":20},"end":{"line":54,"column":22}},"22":{"start":{"line":57,"column":20},"end":{"line":59,"column":22}},"23":{"start":{"line":69,"column":8},"end":{"line":113,"column":10}},"24":{"start":{"line":96,"column":53},"end":{"line":96,"column":77}}},"fnMap":{"0":{"name":"(anonymous_0)","decl":{"start":{"line":9,"column":4},"end":{"line":9,"column":5}},"loc":{"start":{"line":9,"column":23},"end":{"line":17,"column":5}},"line":9},"1":{"name":"(anonymous_1)","decl":{"start":{"line":19,"column":19},"end":{"line":19,"column":20}},"loc":{"start":{"line":19,"column":25},"end":{"line":40,"column":5}},"line":19},"2":{"name":"(anonymous_2)","decl":{"start":{"line":42,"column":22},"end":{"line":42,"column":23}},"loc":{"start":{"line":42,"column":28},"end":{"line":63,"column":5}},"line":42},"3":{"name":"(anonymous_3)","decl":{"start":{"line":49,"column":16},"end":{"line":49,"column":17}},"loc":{"start":{"line":49,"column":22},"end":{"line":55,"column":17}},"line":49},"4":{"name":"(anonymous_4)","decl":{"start":{"line":56,"column":16},"end":{"line":56,"column":17}},"loc":{"start":{"line":56,"column":28},"end":{"line":60,"column":17}},"line":56},"5":{"name":"(anonymous_5)","decl":{"start":{"line":65,"column":4},"end":{"line":65,"column":5}},"loc":{"start":{"line":65,"column":13},"end":{"line":114,"column":5}},"line":65},"6":{"name":"(anonymous_6)","decl":{"start":{"line":96,"column":42},"end":{"line":96,"column":43}},"loc":{"start":{"line":96,"column":53},"end":{"line":96,"column":77}},"line":96}},"branchMap":{"0":{"loc":{"start":{"line":22,"column":8},"end":{"line":28,"column":9}},"type":"if","locations":[{"start":{"line":22,"column":8},"end":{"line":28,"column":9}},{"start":{"line":22,"column":8},"end":{"line":28,"column":9}}],"line":22},"1":{"loc":{"start":{"line":24,"column":12},"end":{"line":27,"column":13}},"type":"if","locations":[{"start":{"line":24,"column":12},"end":{"line":27,"column":13}},{"start":{"line":24,"column":12},"end":{"line":27,"column":13}}],"line":24},"2":{"loc":{"start":{"line":30,"column":8},"end":{"line":33,"column":9}},"type":"if","locations":[{"start":{"line":30,"column":8},"end":{"line":33,"column":9}},{"start":{"line":30,"column":8},"end":{"line":33,"column":9}}],"line":30},"3":{"loc":{"start":{"line":43,"column":8},"end":{"line":62,"column":9}},"type":"if","locations":[{"start":{"line":43,"column":8},"end":{"line":62,"column":9}},{"start":{"line":43,"column":8},"end":{"line":62,"column":9}}],"line":43}},"s":{"0":3,"1":3,"2":3,"3":3,"4":3,"5":3,"6":3,"7":3,"8":1,"9":1,"10":3,"11":0,"12":0,"13":3,"14":3,"15":3,"16":0,"17":0,"18":0,"19":0,"20":0,"21":0,"22":0,"23":9,"24":3},"f":{"0":3,"1":3,"2":0,"3":0,"4":0,"5":9,"6":3},"b":{"0":[3,0],"1":[1,2],"2":[0,3],"3":[0,0]},"_coverageSchema":"43e27e138ebf9cfc5966b082cf9a028302ed4184","hash":"5a4780970b4ff6d53b42c181595a3e1771efdc4b"}
,"/home/admin10/Desktop/FundooNotes/src/Component/Login/SignUpPage3.js": {"path":"/home/admin10/Desktop/FundooNotes/src/Component/Login/SignUpPage3.js","statementMap":{"0":{"start":{"line":10,"column":8},"end":{"line":10,"column":21}},"1":{"start":{"line":12,"column":8},"end":{"line":17,"column":10}},"2":{"start":{"line":20,"column":19},"end":{"line":54,"column":5}},"3":{"start":{"line":21,"column":21},"end":{"line":21,"column":23}},"4":{"start":{"line":22,"column":26},"end":{"line":22,"column":30}},"5":{"start":{"line":24,"column":8},"end":{"line":29,"column":9}},"6":{"start":{"line":25,"column":12},"end":{"line":28,"column":13}},"7":{"start":{"line":26,"column":16},"end":{"line":26,"column":36}},"8":{"start":{"line":27,"column":16},"end":{"line":27,"column":74}},"9":{"start":{"line":31,"column":8},"end":{"line":34,"column":9}},"10":{"start":{"line":32,"column":12},"end":{"line":32,"column":51}},"11":{"start":{"line":33,"column":12},"end":{"line":33,"column":32}},"12":{"start":{"line":36,"column":8},"end":{"line":41,"column":9}},"13":{"start":{"line":37,"column":12},"end":{"line":40,"column":13}},"14":{"start":{"line":38,"column":16},"end":{"line":38,"column":36}},"15":{"start":{"line":39,"column":16},"end":{"line":39,"column":64}},"16":{"start":{"line":43,"column":8},"end":{"line":46,"column":9}},"17":{"start":{"line":44,"column":12},"end":{"line":44,"column":50}},"18":{"start":{"line":45,"column":12},"end":{"line":45,"column":32}},"19":{"start":{"line":49,"column":8},"end":{"line":51,"column":10}},"20":{"start":{"line":53,"column":8},"end":{"line":53,"column":26}},"21":{"start":{"line":56,"column":23},"end":{"line":68,"column":5}},"22":{"start":{"line":57,"column":8},"end":{"line":67,"column":9}},"23":{"start":{"line":58,"column":35},"end":{"line":58,"column":45}},"24":{"start":{"line":59,"column":12},"end":{"line":66,"column":13}},"25":{"start":{"line":64,"column":20},"end":{"line":64,"column":60}},"26":{"start":{"line":72,"column":8},"end":{"line":160,"column":10}},"27":{"start":{"line":109,"column":56},"end":{"line":109,"column":83}},"28":{"start":{"line":123,"column":59},"end":{"line":123,"column":85}},"29":{"start":{"line":132,"column":47},"end":{"line":132,"column":102}}},"fnMap":{"0":{"name":"(anonymous_0)","decl":{"start":{"line":9,"column":4},"end":{"line":9,"column":5}},"loc":{"start":{"line":9,"column":23},"end":{"line":18,"column":5}},"line":9},"1":{"name":"(anonymous_1)","decl":{"start":{"line":20,"column":19},"end":{"line":20,"column":20}},"loc":{"start":{"line":20,"column":25},"end":{"line":54,"column":5}},"line":20},"2":{"name":"(anonymous_2)","decl":{"start":{"line":56,"column":23},"end":{"line":56,"column":24}},"loc":{"start":{"line":56,"column":29},"end":{"line":68,"column":5}},"line":56},"3":{"name":"(anonymous_3)","decl":{"start":{"line":63,"column":16},"end":{"line":63,"column":17}},"loc":{"start":{"line":63,"column":22},"end":{"line":65,"column":17}},"line":63},"4":{"name":"(anonymous_4)","decl":{"start":{"line":70,"column":4},"end":{"line":70,"column":5}},"loc":{"start":{"line":70,"column":13},"end":{"line":161,"column":5}},"line":70},"5":{"name":"(anonymous_5)","decl":{"start":{"line":109,"column":42},"end":{"line":109,"column":43}},"loc":{"start":{"line":109,"column":56},"end":{"line":109,"column":83}},"line":109},"6":{"name":"(anonymous_6)","decl":{"start":{"line":123,"column":46},"end":{"line":123,"column":47}},"loc":{"start":{"line":123,"column":59},"end":{"line":123,"column":85}},"line":123},"7":{"name":"(anonymous_7)","decl":{"start":{"line":132,"column":41},"end":{"line":132,"column":42}},"loc":{"start":{"line":132,"column":47},"end":{"line":132,"column":102}},"line":132}},"branchMap":{"0":{"loc":{"start":{"line":24,"column":8},"end":{"line":29,"column":9}},"type":"if","locations":[{"start":{"line":24,"column":8},"end":{"line":29,"column":9}},{"start":{"line":24,"column":8},"end":{"line":29,"column":9}}],"line":24},"1":{"loc":{"start":{"line":25,"column":12},"end":{"line":28,"column":13}},"type":"if","locations":[{"start":{"line":25,"column":12},"end":{"line":28,"column":13}},{"start":{"line":25,"column":12},"end":{"line":28,"column":13}}],"line":25},"2":{"loc":{"start":{"line":31,"column":8},"end":{"line":34,"column":9}},"type":"if","locations":[{"start":{"line":31,"column":8},"end":{"line":34,"column":9}},{"start":{"line":31,"column":8},"end":{"line":34,"column":9}}],"line":31},"3":{"loc":{"start":{"line":36,"column":8},"end":{"line":41,"column":9}},"type":"if","locations":[{"start":{"line":36,"column":8},"end":{"line":41,"column":9}},{"start":{"line":36,"column":8},"end":{"line":41,"column":9}}],"line":36},"4":{"loc":{"start":{"line":37,"column":12},"end":{"line":40,"column":13}},"type":"if","locations":[{"start":{"line":37,"column":12},"end":{"line":40,"column":13}},{"start":{"line":37,"column":12},"end":{"line":40,"column":13}}],"line":37},"5":{"loc":{"start":{"line":43,"column":8},"end":{"line":46,"column":9}},"type":"if","locations":[{"start":{"line":43,"column":8},"end":{"line":46,"column":9}},{"start":{"line":43,"column":8},"end":{"line":46,"column":9}}],"line":43},"6":{"loc":{"start":{"line":57,"column":8},"end":{"line":67,"column":9}},"type":"if","locations":[{"start":{"line":57,"column":8},"end":{"line":67,"column":9}},{"start":{"line":57,"column":8},"end":{"line":67,"column":9}}],"line":57},"7":{"loc":{"start":{"line":135,"column":36},"end":{"line":143,"column":42}},"type":"cond-expr","locations":[{"start":{"line":136,"column":40},"end":{"line":139,"column":42}},{"start":{"line":140,"column":40},"end":{"line":143,"column":42}}],"line":135}},"s":{"0":4,"1":4,"2":4,"3":7,"4":7,"5":7,"6":7,"7":3,"8":3,"9":7,"10":0,"11":0,"12":7,"13":7,"14":4,"15":4,"16":7,"17":0,"18":0,"19":7,"20":7,"21":4,"22":0,"23":0,"24":0,"25":0,"26":21,"27":5,"28":3,"29":2},"f":{"0":4,"1":7,"2":0,"3":0,"4":21,"5":5,"6":3,"7":2},"b":{"0":[7,0],"1":[3,4],"2":[0,7],"3":[7,0],"4":[4,3],"5":[0,7],"6":[0,0],"7":[20,1]},"_coverageSchema":"43e27e138ebf9cfc5966b082cf9a028302ed4184","hash":"dd87d0e9a982e44628f47deb458e961e3e3532d6"}
,"/home/admin10/Desktop/FundooNotes/src/Css/LoginCss.js": {"path":"/home/admin10/Desktop/FundooNotes/src/Css/LoginCss.js","statementMap":{"0":{"start":{"line":3,"column":22},"end":{"line":83,"column":2}}},"fnMap":{},"branchMap":{},"s":{"0":2},"f":{},"b":{},"_coverageSchema":"43e27e138ebf9cfc5966b082cf9a028302ed4184","hash":"e005f63c4e4c3a7e8030e77b01a54f68b402f331"}
,"/home/admin10/Desktop/FundooNotes/src/Firebase/Firebase.js": {"path":"/home/admin10/Desktop/FundooNotes/src/Firebase/Firebase.js","statementMap":{"0":{"start":{"line":4,"column":23},"end":{"line":12,"column":1}},"1":{"start":{"line":15,"column":0},"end":{"line":15,"column":39}}},"fnMap":{},"branchMap":{},"s":{"0":2,"1":2},"f":{},"b":{},"_coverageSchema":"43e27e138ebf9cfc5966b082cf9a028302ed4184","hash":"a7771da37f856857635b8d5de9d52133ed0dc2f2"}
,"/home/admin10/Desktop/FundooNotes/src/Firebase/FirebaseLoginServices.js": {"path":"/home/admin10/Desktop/FundooNotes/src/Firebase/FirebaseLoginServices.js","statementMap":{"0":{"start":{"line":4,"column":4},"end":{"line":15,"column":10}},"1":{"start":{"line":6,"column":12},"end":{"line":14,"column":13}},"2":{"start":{"line":8,"column":16},"end":{"line":8,"column":29}},"3":{"start":{"line":11,"column":29},"end":{"line":11,"column":31}},"4":{"start":{"line":12,"column":16},"end":{"line":12,"column":72}},"5":{"start":{"line":13,"column":16},"end":{"line":13,"column":36}},"6":{"start":{"line":19,"column":4},"end":{"line":27,"column":10}},"7":{"start":{"line":21,"column":12},"end":{"line":25,"column":14}},"8":{"start":{"line":26,"column":12},"end":{"line":26,"column":26}},"9":{"start":{"line":31,"column":4},"end":{"line":41,"column":10}},"10":{"start":{"line":32,"column":8},"end":{"line":32,"column":22}},"11":{"start":{"line":35,"column":25},"end":{"line":35,"column":27}},"12":{"start":{"line":36,"column":12},"end":{"line":39,"column":102}},"13":{"start":{"line":37,"column":16},"end":{"line":37,"column":70}},"14":{"start":{"line":39,"column":16},"end":{"line":39,"column":102}},"15":{"start":{"line":40,"column":12},"end":{"line":40,"column":33}},"16":{"start":{"line":46,"column":4},"end":{"line":54,"column":6}},"17":{"start":{"line":48,"column":8},"end":{"line":48,"column":22}},"18":{"start":{"line":51,"column":21},"end":{"line":51,"column":23}},"19":{"start":{"line":52,"column":8},"end":{"line":52,"column":62}},"20":{"start":{"line":53,"column":8},"end":{"line":53,"column":29}}},"fnMap":{"0":{"name":"emailExistance","decl":{"start":{"line":3,"column":16},"end":{"line":3,"column":30}},"loc":{"start":{"line":3,"column":64},"end":{"line":16,"column":1}},"line":3},"1":{"name":"(anonymous_1)","decl":{"start":{"line":5,"column":14},"end":{"line":5,"column":15}},"loc":{"start":{"line":5,"column":39},"end":{"line":15,"column":9}},"line":5},"2":{"name":"registerUser","decl":{"start":{"line":18,"column":16},"end":{"line":18,"column":28}},"loc":{"start":{"line":18,"column":81},"end":{"line":28,"column":1}},"line":18},"3":{"name":"(anonymous_3)","decl":{"start":{"line":20,"column":14},"end":{"line":20,"column":15}},"loc":{"start":{"line":20,"column":27},"end":{"line":27,"column":9}},"line":20},"4":{"name":"loginUser","decl":{"start":{"line":30,"column":16},"end":{"line":30,"column":25}},"loc":{"start":{"line":30,"column":72},"end":{"line":42,"column":1}},"line":30},"5":{"name":"(anonymous_5)","decl":{"start":{"line":31,"column":69},"end":{"line":31,"column":70}},"loc":{"start":{"line":31,"column":82},"end":{"line":33,"column":5}},"line":31},"6":{"name":"(anonymous_6)","decl":{"start":{"line":34,"column":15},"end":{"line":34,"column":16}},"loc":{"start":{"line":34,"column":26},"end":{"line":41,"column":9}},"line":34},"7":{"name":"forgotPassword","decl":{"start":{"line":44,"column":16},"end":{"line":44,"column":30}},"loc":{"start":{"line":44,"column":68},"end":{"line":56,"column":1}},"line":44},"8":{"name":"(anonymous_8)","decl":{"start":{"line":47,"column":10},"end":{"line":47,"column":11}},"loc":{"start":{"line":47,"column":19},"end":{"line":49,"column":5}},"line":47},"9":{"name":"(anonymous_9)","decl":{"start":{"line":50,"column":11},"end":{"line":50,"column":12}},"loc":{"start":{"line":50,"column":15},"end":{"line":54,"column":5}},"line":50}},"branchMap":{"0":{"loc":{"start":{"line":6,"column":12},"end":{"line":14,"column":13}},"type":"if","locations":[{"start":{"line":6,"column":12},"end":{"line":14,"column":13}},{"start":{"line":6,"column":12},"end":{"line":14,"column":13}}],"line":6},"1":{"loc":{"start":{"line":36,"column":12},"end":{"line":39,"column":102}},"type":"if","locations":[{"start":{"line":36,"column":12},"end":{"line":39,"column":102}},{"start":{"line":36,"column":12},"end":{"line":39,"column":102}}],"line":36}},"s":{"0":0,"1":0,"2":0,"3":0,"4":0,"5":0,"6":0,"7":0,"8":0,"9":0,"10":0,"11":0,"12":0,"13":0,"14":0,"15":0,"16":0,"17":0,"18":0,"19":0,"20":0},"f":{"0":0,"1":0,"2":0,"3":0,"4":0,"5":0,"6":0,"7":0,"8":0,"9":0},"b":{"0":[0,0],"1":[0,0]},"_coverageSchema":"43e27e138ebf9cfc5966b082cf9a028302ed4184","hash":"951f75cf94867e489fb70f82251f34cff45ee136"}
}
