TN:
SF:/home/admin10/Desktop/FundooNotes/src/Component/Authentication/SignIn.js
FN:9,(anonymous_0)
FN:21,(anonymous_1)
FN:46,(anonymous_2)
FN:50,(anonymous_3)
FN:54,(anonymous_4)
FN:55,(anonymous_5)
FN:57,(anonymous_6)
FN:65,(anonymous_7)
FN:99,(anonymous_8)
FN:110,(anonymous_9)
FN:124,(anonymous_10)
FN:135,(anonymous_11)
FN:152,(anonymous_12)
FNF:13
FNH:6
FNDA:3,(anonymous_0)
FNDA:6,(anonymous_1)
FNDA:0,(anonymous_2)
FNDA:1,(anonymous_3)
FNDA:0,(anonymous_4)
FNDA:0,(anonymous_5)
FNDA:0,(anonymous_6)
FNDA:17,(anonymous_7)
FNDA:3,(anonymous_8)
FNDA:3,(anonymous_9)
FNDA:0,(anonymous_10)
FNDA:0,(anonymous_11)
FNDA:0,(anonymous_12)
DA:10,3
DA:12,3
DA:21,3
DA:22,6
DA:23,6
DA:25,6
DA:26,6
DA:27,6
DA:28,2
DA:29,2
DA:33,6
DA:34,0
DA:35,0
DA:38,6
DA:39,1
DA:40,1
DA:43,6
DA:46,6
DA:47,6
DA:50,3
DA:51,1
DA:53,1
DA:54,0
DA:55,0
DA:56,0
DA:58,0
DA:66,17
DA:99,3
DA:110,3
DA:124,0
DA:135,0
DA:152,0
LF:32
LH:23
BRDA:25,0,0,6
BRDA:25,0,1,0
BRDA:27,1,0,2
BRDA:27,1,1,4
BRDA:33,2,0,0
BRDA:33,2,1,6
BRDA:38,3,0,1
BRDA:38,3,1,5
BRDA:53,4,0,0
BRDA:53,4,1,1
BRF:10
BRH:7
end_of_record
TN:
SF:/home/admin10/Desktop/FundooNotes/src/Component/Authentication/SignUpPage1.js
FN:8,(anonymous_0)
FN:17,(anonymous_1)
FN:38,(anonymous_2)
FN:47,(anonymous_3)
FN:77,(anonymous_4)
FN:88,(anonymous_5)
FNF:6
FNH:5
FNDA:3,(anonymous_0)
FNDA:3,(anonymous_1)
FNDA:0,(anonymous_2)
FNDA:10,(anonymous_3)
FNDA:2,(anonymous_4)
FNDA:2,(anonymous_5)
DA:9,3
DA:10,3
DA:17,3
DA:18,3
DA:19,3
DA:21,3
DA:22,2
DA:23,2
DA:26,3
DA:27,1
DA:28,1
DA:31,3
DA:35,3
DA:38,3
DA:39,0
DA:40,0
DA:49,10
DA:77,2
DA:88,2
LF:19
LH:17
BRDA:21,0,0,2
BRDA:21,0,1,1
BRDA:26,1,0,1
BRDA:26,1,1,2
BRDA:39,2,0,0
BRDA:39,2,1,0
BRF:6
BRH:4
end_of_record
TN:
SF:/home/admin10/Desktop/FundooNotes/src/Component/Authentication/SignUpPage2.js
FN:9,(anonymous_0)
FN:19,(anonymous_1)
FN:42,(anonymous_2)
FN:49,(anonymous_3)
FN:56,(anonymous_4)
FN:65,(anonymous_5)
FN:96,(anonymous_6)
FNF:7
FNH:4
FNDA:3,(anonymous_0)
FNDA:3,(anonymous_1)
FNDA:0,(anonymous_2)
FNDA:0,(anonymous_3)
FNDA:0,(anonymous_4)
FNDA:9,(anonymous_5)
FNDA:3,(anonymous_6)
DA:10,3
DA:12,3
DA:19,3
DA:20,3
DA:21,3
DA:22,3
DA:23,3
DA:24,3
DA:25,1
DA:26,1
DA:30,3
DA:31,0
DA:32,0
DA:35,3
DA:39,3
DA:42,3
DA:43,0
DA:44,0
DA:45,0
DA:46,0
DA:48,0
DA:50,0
DA:57,0
DA:69,9
DA:96,3
LF:25
LH:16
BRDA:22,0,0,3
BRDA:22,0,1,0
BRDA:24,1,0,1
BRDA:24,1,1,2
BRDA:30,2,0,0
BRDA:30,2,1,3
BRDA:43,3,0,0
BRDA:43,3,1,0
BRF:8
BRH:4
end_of_record
TN:
SF:/home/admin10/Desktop/FundooNotes/src/Component/Authentication/SignUpPage3.js
FN:9,(anonymous_0)
FN:20,(anonymous_1)
FN:56,(anonymous_2)
FN:63,(anonymous_3)
FN:70,(anonymous_4)
FN:109,(anonymous_5)
FN:121,(anonymous_6)
FN:132,(anonymous_7)
FNF:8
FNH:5
FNDA:4,(anonymous_0)
FNDA:7,(anonymous_1)
FNDA:0,(anonymous_2)
FNDA:0,(anonymous_3)
FNDA:19,(anonymous_4)
FNDA:5,(anonymous_5)
FNDA:3,(anonymous_6)
FNDA:0,(anonymous_7)
DA:10,4
DA:12,4
DA:20,4
DA:21,7
DA:22,7
DA:24,7
DA:25,7
DA:26,3
DA:27,3
DA:31,7
DA:32,0
DA:33,0
DA:36,7
DA:37,7
DA:38,4
DA:39,4
DA:43,7
DA:44,0
DA:45,0
DA:49,7
DA:53,7
DA:56,4
DA:57,0
DA:58,0
DA:59,0
DA:64,0
DA:72,19
DA:109,5
DA:121,3
DA:132,0
LF:30
LH:21
BRDA:24,0,0,7
BRDA:24,0,1,0
BRDA:25,1,0,3
BRDA:25,1,1,4
BRDA:31,2,0,0
BRDA:31,2,1,7
BRDA:36,3,0,7
BRDA:36,3,1,0
BRDA:37,4,0,4
BRDA:37,4,1,3
BRDA:43,5,0,0
BRDA:43,5,1,7
BRDA:57,6,0,0
BRDA:57,6,1,0
BRF:14
BRH:8
end_of_record
TN:
SF:/home/admin10/Desktop/FundooNotes/src/Css/Authentication.style.js
FNF:0
FNH:0
DA:3,2
LF:1
LH:1
BRF:0
BRH:0
end_of_record
TN:
SF:/home/admin10/Desktop/FundooNotes/src/Firebase/AuthServices.js
FN:4,emailExistance
FN:6,(anonymous_1)
FN:16,(anonymous_2)
FN:19,registerUser
FN:21,(anonymous_4)
FN:28,(anonymous_5)
FN:31,loginUser
FN:34,(anonymous_7)
FN:39,(anonymous_8)
FN:49,forgotPassword
FN:52,(anonymous_10)
FN:55,(anonymous_11)
FN:63,signOut
FN:64,(anonymous_13)
FNF:14
FNH:0
FNDA:0,emailExistance
FNDA:0,(anonymous_1)
FNDA:0,(anonymous_2)
FNDA:0,registerUser
FNDA:0,(anonymous_4)
FNDA:0,(anonymous_5)
FNDA:0,loginUser
FNDA:0,(anonymous_7)
FNDA:0,(anonymous_8)
FNDA:0,forgotPassword
FNDA:0,(anonymous_10)
FNDA:0,(anonymous_11)
FNDA:0,signOut
FNDA:0,(anonymous_13)
DA:5,0
DA:7,0
DA:9,0
DA:12,0
DA:13,0
DA:14,0
DA:20,0
DA:22,0
DA:27,0
DA:32,0
DA:33,0
DA:34,0
DA:35,0
DA:36,0
DA:37,0
DA:40,0
DA:41,0
DA:42,0
DA:44,0
DA:45,0
DA:51,0
DA:53,0
DA:56,0
DA:57,0
DA:58,0
DA:64,0
DA:65,0
LF:27
LH:0
BRDA:7,0,0,0
BRDA:7,0,1,0
BRDA:41,1,0,0
BRDA:41,1,1,0
BRF:4
BRH:0
end_of_record
TN:
SF:/home/admin10/Desktop/FundooNotes/src/Firebase/Firebase.js
FNF:0
FNH:0
DA:4,2
DA:15,2
LF:2
LH:2
BRF:0
BRH:0
end_of_record
